#
# There is insufficient memory for the Java Runtime Environment to continue.
# Native memory allocation (malloc) failed to allocate 1109136 bytes for Chunk::new
# Possible reasons:
#   The system is out of physical RAM or swap space
#   The process is running with CompressedOops enabled, and the Java Heap may be blocking the growth of the native heap
# Possible solutions:
#   Reduce memory load on the system
#   Increase physical memory or swap space
#   Check if swap backing store is full
#   Decrease Java heap size (-Xmx/-Xms)
#   Decrease number of Java threads
#   Decrease Java thread stack sizes (-Xss)
#   Set larger code cache with -XX:ReservedCodeCacheSize=
#   JVM is running with Unscaled Compressed Oops mode in which the Java heap is
#     placed in the first 4GB address space. The Java Heap base address is the
#     maximum limit for the native heap growth. Please use -XX:HeapBaseMinAddress
#     to set the Java Heap base and to place the Java Heap above 4GB virtual address.
# This output file may be truncated or incomplete.
#
#  Out of Memory Error (./open/src/hotspot/share/memory/arena.cpp:197), pid=5072, tid=11188
#
# JRE version: Java(TM) SE Runtime Environment 18.9 (11.0.15+8) (build 11.0.15+8-LTS-149)
# Java VM: Java HotSpot(TM) 64-Bit Server VM 18.9 (11.0.15+8-LTS-149, mixed mode, tiered, compressed oops, g1 gc, windows-amd64)
# No core dump will be written. Minidumps are not enabled by default on client versions of Windows
#

---------------  S U M M A R Y ------------

Command Line: -javaagent:C:\Program Files\JetBrains\IntelliJ IDEA Community Edition 2022.2.1\lib\idea_rt.jar=63176:C:\Program Files\JetBrains\IntelliJ IDEA Community Edition 2022.2.1\bin -Dfile.encoding=UTF-8 com.training.springeurekaserver.SpringEurekaServerApplication

Host: Intel(R) Xeon(R) Platinum 8272CL CPU @ 2.60GHz, 2 cores, 7G,  Windows 10 , 64 bit Build 19041 (10.0.19041.1889)
Time: Tue Sep  6 07:17:40 2022 Coordinated Universal Time elapsed time: 4932.506468 seconds (0d 1h 22m 12s)

---------------  T H R E A D  ---------------

Current thread (0x0000026bb95d1800):  JavaThread "C2 CompilerThread0" daemon [_thread_in_native, id=11188, stack(0x000000e7a1a00000,0x000000e7a1b00000)]


Current CompileTask:
C2:4932506 10706   !   4       org.apache.catalina.core.ContainerBase::getRealm (80 bytes)

Stack: [0x000000e7a1a00000,0x000000e7a1b00000]
Native frames: (J=compiled Java code, j=interpreted, Vv=VM code, C=native code)
V  [jvm.dll+0x629d8a]
V  [jvm.dll+0x7638ff]
V  [jvm.dll+0x764fa9]
V  [jvm.dll+0x765633]
V  [jvm.dll+0x23d9c8]
V  [jvm.dll+0xb2a1c]
V  [jvm.dll+0xb2fdc]
V  [jvm.dll+0x341047]
V  [jvm.dll+0x18cd11]
V  [jvm.dll+0x1f8672]
V  [jvm.dll+0x1f774d]
V  [jvm.dll+0x177c51]
V  [jvm.dll+0x207026]
V  [jvm.dll+0x2051bb]
V  [jvm.dll+0x729820]
V  [jvm.dll+0x7223f4]
V  [jvm.dll+0x628c26]
C  [ucrtbase.dll+0x21bb2]
C  [KERNEL32.DLL+0x17034]
C  [ntdll.dll+0x52651]


---------------  P R O C E S S  ---------------

Threads class SMR info:
_java_thread_list=0x0000026bbda35f00, length=70, elements={
0x0000026bb95b1800, 0x0000026bb95ba800, 0x0000026bb9e42800, 0x0000026bb95cd800,
0x0000026bb95ce800, 0x0000026bb95d1800, 0x0000026bb95d7000, 0x0000026bb95db800,
0x0000026bb954f000, 0x0000026bbd57c800, 0x0000026bbe59f000, 0x0000026bbae4c000,
0x0000026bbecef800, 0x0000026bbdfcc000, 0x0000026bbd4d0800, 0x0000026bba1ce800,
0x0000026bbef60800, 0x0000026bbf30d800, 0x0000026bbf30f000, 0x0000026bbf30a000,
0x0000026bbf30e000, 0x0000026bbf30b000, 0x0000026bbf30b800, 0x0000026bbf309800,
0x0000026bbf30c800, 0x0000026bbf310000, 0x0000026bbec00000, 0x0000026bbec00800,
0x0000026bbebff000, 0x0000026bbebfb000, 0x0000026bbebfd800, 0x0000026bbebfc800,
0x0000026bbec01800, 0x0000026bbebfc000, 0x0000026bbec03000, 0x0000026bbec02800,
0x0000026bbec04000, 0x0000026bbebfe000, 0x0000026bbec09000, 0x0000026bbec07000,
0x0000026bbec08000, 0x0000026bbec04800, 0x0000026bbec09800, 0x0000026bbec05800,
0x0000026bbec06800, 0x0000026bbda20000, 0x0000026bbda1f000, 0x0000026bbda1d800,
0x0000026bbda1b800, 0x0000026bbda1e000, 0x0000026bbda1c800, 0x0000026bbda20800,
0x0000026bbda25800, 0x0000026bbda26800, 0x0000026bbda23000, 0x0000026bbda21800,
0x0000026bbda27000, 0x0000026bbda28000, 0x0000026bbda22000, 0x0000026bbda28800,
0x0000026bbda29800, 0x0000026bbda24000, 0x0000026bbda24800, 0x0000026bbba0d800,
0x0000026bbba0f800, 0x0000026bbba11000, 0x0000026bbba0d000, 0x0000026bbba0b800,
0x0000026bbba12000, 0x0000026bbba10000
}

Java Threads: ( => current thread )
  0x0000026bb95b1800 JavaThread "Reference Handler" daemon [_thread_blocked, id=5740, stack(0x000000e7a1500000,0x000000e7a1600000)]
  0x0000026bb95ba800 JavaThread "Finalizer" daemon [_thread_blocked, id=8948, stack(0x000000e7a1600000,0x000000e7a1700000)]
  0x0000026bb9e42800 JavaThread "Signal Dispatcher" daemon [_thread_blocked, id=9764, stack(0x000000e7a1700000,0x000000e7a1800000)]
  0x0000026bb95cd800 JavaThread "Attach Listener" daemon [_thread_blocked, id=3188, stack(0x000000e7a1800000,0x000000e7a1900000)]
  0x0000026bb95ce800 JavaThread "Service Thread" daemon [_thread_blocked, id=4180, stack(0x000000e7a1900000,0x000000e7a1a00000)]
=>0x0000026bb95d1800 JavaThread "C2 CompilerThread0" daemon [_thread_in_native, id=11188, stack(0x000000e7a1a00000,0x000000e7a1b00000)]
  0x0000026bb95d7000 JavaThread "C1 CompilerThread0" daemon [_thread_blocked, id=11248, stack(0x000000e7a1b00000,0x000000e7a1c00000)]
  0x0000026bb95db800 JavaThread "Sweeper thread" daemon [_thread_blocked, id=9260, stack(0x000000e7a1c00000,0x000000e7a1d00000)]
  0x0000026bb954f000 JavaThread "Common-Cleaner" daemon [_thread_blocked, id=2524, stack(0x000000e7a1d00000,0x000000e7a1e00000)]
  0x0000026bbd57c800 JavaThread "spring.cloud.inetutils" daemon [_thread_blocked, id=11052, stack(0x000000e7a2100000,0x000000e7a2200000)]
  0x0000026bbe59f000 JavaThread "Thread-4" daemon [_thread_blocked, id=8104, stack(0x000000e7a2200000,0x000000e7a2300000)]
  0x0000026bbae4c000 JavaThread "SimplePauseDetectorThread_0" daemon [_thread_blocked, id=2260, stack(0x000000e7a2300000,0x000000e7a2400000)]
  0x0000026bbecef800 JavaThread "Catalina-utility-1" [_thread_blocked, id=2300, stack(0x000000e7a2400000,0x000000e7a2500000)]
  0x0000026bbdfcc000 JavaThread "Catalina-utility-2" [_thread_blocked, id=10184, stack(0x000000e7a2500000,0x000000e7a2600000)]
  0x0000026bbd4d0800 JavaThread "container-0" [_thread_blocked, id=1340, stack(0x000000e7a2600000,0x000000e7a2700000)]
  0x0000026bba1ce800 JavaThread "Eureka-JerseyClient-Conn-Cleaner2" daemon [_thread_blocked, id=2948, stack(0x000000e7a2700000,0x000000e7a2800000)]
  0x0000026bbef60800 JavaThread "AsyncResolver-bootstrap-0" daemon [_thread_blocked, id=6872, stack(0x000000e7a2800000,0x000000e7a2900000)]
  0x0000026bbf30d800 JavaThread "DiscoveryClient-0" daemon [_thread_blocked, id=10556, stack(0x000000e7a2a00000,0x000000e7a2b00000)]
  0x0000026bbf30f000 JavaThread "DiscoveryClient-1" daemon [_thread_blocked, id=7512, stack(0x000000e7a2b00000,0x000000e7a2c00000)]
  0x0000026bbf30a000 JavaThread "DiscoveryClient-InstanceInfoReplicator-0" daemon [_thread_blocked, id=4056, stack(0x000000e7a2c00000,0x000000e7a2d00000)]
  0x0000026bbf30e000 JavaThread "Eureka-DeltaRetentionTimer" daemon [_thread_blocked, id=5952, stack(0x000000e7a2d00000,0x000000e7a2e00000)]
  0x0000026bbf30b000 JavaThread "Eureka-EvictionTimer" daemon [_thread_blocked, id=9772, stack(0x000000e7a2e00000,0x000000e7a2f00000)]
  0x0000026bbf30b800 JavaThread "Eureka-MeasureRateTimer" daemon [_thread_blocked, id=5316, stack(0x000000e7a2f00000,0x000000e7a3000000)]
  0x0000026bbf309800 JavaThread "ReplicaAwareInstanceRegistry - RenewalThresholdUpdater" daemon [_thread_blocked, id=1728, stack(0x000000e7a3000000,0x000000e7a3100000)]
  0x0000026bbf30c800 JavaThread "Eureka-MeasureRateTimer" daemon [_thread_blocked, id=9900, stack(0x000000e7a3100000,0x000000e7a3200000)]
  0x0000026bbf310000 JavaThread "Eureka-JerseyClient-Conn-Cleaner2" daemon [_thread_blocked, id=10212, stack(0x000000e7a3200000,0x000000e7a3300000)]
  0x0000026bbec00000 JavaThread "TaskAcceptor-target_localhost" daemon [_thread_blocked, id=6564, stack(0x000000e7a3300000,0x000000e7a3400000)]
  0x0000026bbec00800 JavaThread "StatsMonitor-0" daemon [_thread_blocked, id=8680, stack(0x000000e7a3400000,0x000000e7a3500000)]
  0x0000026bbebff000 JavaThread "TaskBatchingWorker-target_localhost-0" daemon [_thread_blocked, id=4752, stack(0x000000e7a3500000,0x000000e7a3600000)]
  0x0000026bbebfb000 JavaThread "TaskBatchingWorker-target_localhost-1" daemon [_thread_blocked, id=9848, stack(0x000000e7a3600000,0x000000e7a3700000)]
  0x0000026bbebfd800 JavaThread "TaskBatchingWorker-target_localhost-2" daemon [_thread_blocked, id=9088, stack(0x000000e7a3700000,0x000000e7a3800000)]
  0x0000026bbebfc800 JavaThread "TaskBatchingWorker-target_localhost-3" daemon [_thread_blocked, id=5628, stack(0x000000e7a3800000,0x000000e7a3900000)]
  0x0000026bbec01800 JavaThread "TaskBatchingWorker-target_localhost-4" daemon [_thread_blocked, id=5852, stack(0x000000e7a3900000,0x000000e7a3a00000)]
  0x0000026bbebfc000 JavaThread "TaskBatchingWorker-target_localhost-5" daemon [_thread_blocked, id=480, stack(0x000000e7a3a00000,0x000000e7a3b00000)]
  0x0000026bbec03000 JavaThread "TaskBatchingWorker-target_localhost-6" daemon [_thread_blocked, id=4000, stack(0x000000e7a3b00000,0x000000e7a3c00000)]
  0x0000026bbec02800 JavaThread "TaskBatchingWorker-target_localhost-7" daemon [_thread_blocked, id=1944, stack(0x000000e7a3c00000,0x000000e7a3d00000)]
  0x0000026bbec04000 JavaThread "TaskBatchingWorker-target_localhost-8" daemon [_thread_blocked, id=1416, stack(0x000000e7a3d00000,0x000000e7a3e00000)]
  0x0000026bbebfe000 JavaThread "TaskBatchingWorker-target_localhost-9" daemon [_thread_blocked, id=4944, stack(0x000000e7a3e00000,0x000000e7a3f00000)]
  0x0000026bbec09000 JavaThread "TaskBatchingWorker-target_localhost-10" daemon [_thread_blocked, id=4988, stack(0x000000e7a3f00000,0x000000e7a4000000)]
  0x0000026bbec07000 JavaThread "TaskBatchingWorker-target_localhost-11" daemon [_thread_blocked, id=1188, stack(0x000000e7a4000000,0x000000e7a4100000)]
  0x0000026bbec08000 JavaThread "TaskBatchingWorker-target_localhost-12" daemon [_thread_blocked, id=3376, stack(0x000000e7a4100000,0x000000e7a4200000)]
  0x0000026bbec04800 JavaThread "TaskBatchingWorker-target_localhost-13" daemon [_thread_blocked, id=1472, stack(0x000000e7a4200000,0x000000e7a4300000)]
  0x0000026bbec09800 JavaThread "TaskBatchingWorker-target_localhost-14" daemon [_thread_blocked, id=5928, stack(0x000000e7a4300000,0x000000e7a4400000)]
  0x0000026bbec05800 JavaThread "TaskBatchingWorker-target_localhost-15" daemon [_thread_blocked, id=8440, stack(0x000000e7a4400000,0x000000e7a4500000)]
  0x0000026bbec06800 JavaThread "TaskBatchingWorker-target_localhost-16" daemon [_thread_blocked, id=5756, stack(0x000000e7a4500000,0x000000e7a4600000)]
  0x0000026bbda20000 JavaThread "TaskBatchingWorker-target_localhost-17" daemon [_thread_blocked, id=9264, stack(0x000000e7a4600000,0x000000e7a4700000)]
  0x0000026bbda1f000 JavaThread "TaskBatchingWorker-target_localhost-18" daemon [_thread_blocked, id=5720, stack(0x000000e7a4700000,0x000000e7a4800000)]
  0x0000026bbda1d800 JavaThread "TaskBatchingWorker-target_localhost-19" daemon [_thread_blocked, id=6172, stack(0x000000e7a4800000,0x000000e7a4900000)]
  0x0000026bbda1b800 JavaThread "TaskAcceptor-localhost" daemon [_thread_blocked, id=6260, stack(0x000000e7a4900000,0x000000e7a4a00000)]
  0x0000026bbda1e000 JavaThread "TaskNonBatchingWorker-localhost-0" daemon [_thread_blocked, id=788, stack(0x000000e7a4a00000,0x000000e7a4b00000)]
  0x0000026bbda1c800 JavaThread "Eureka-PeerNodesUpdater" daemon [_thread_blocked, id=8444, stack(0x000000e7a4b00000,0x000000e7a4c00000)]
  0x0000026bbda20800 JavaThread "Eureka-CacheFillTimer" daemon [_thread_blocked, id=5832, stack(0x000000e7a4c00000,0x000000e7a4d00000)]
  0x0000026bbda25800 JavaThread "NioBlockingSelector.BlockPoller-1" daemon [_thread_in_native, id=5712, stack(0x000000e7a4e00000,0x000000e7a4f00000)]
  0x0000026bbda26800 JavaThread "http-nio-8761-exec-1" daemon [_thread_blocked, id=2244, stack(0x000000e7a4f00000,0x000000e7a5000000)]
  0x0000026bbda23000 JavaThread "http-nio-8761-exec-2" daemon [_thread_blocked, id=10724, stack(0x000000e7a5000000,0x000000e7a5100000)]
  0x0000026bbda21800 JavaThread "http-nio-8761-exec-3" daemon [_thread_blocked, id=6228, stack(0x000000e7a5100000,0x000000e7a5200000)]
  0x0000026bbda27000 JavaThread "http-nio-8761-exec-4" daemon [_thread_blocked, id=4440, stack(0x000000e7a5200000,0x000000e7a5300000)]
  0x0000026bbda28000 JavaThread "http-nio-8761-exec-5" daemon [_thread_blocked, id=5868, stack(0x000000e7a5300000,0x000000e7a5400000)]
  0x0000026bbda22000 JavaThread "http-nio-8761-exec-6" daemon [_thread_blocked, id=8496, stack(0x000000e7a5400000,0x000000e7a5500000)]
  0x0000026bbda28800 JavaThread "http-nio-8761-exec-7" daemon [_thread_blocked, id=5544, stack(0x000000e7a5500000,0x000000e7a5600000)]
  0x0000026bbda29800 JavaThread "http-nio-8761-exec-8" daemon [_thread_blocked, id=11220, stack(0x000000e7a5600000,0x000000e7a5700000)]
  0x0000026bbda24000 JavaThread "http-nio-8761-exec-9" daemon [_thread_blocked, id=11256, stack(0x000000e7a5700000,0x000000e7a5800000)]
  0x0000026bbda24800 JavaThread "http-nio-8761-exec-10" daemon [_thread_blocked, id=10536, stack(0x000000e7a5800000,0x000000e7a5900000)]
  0x0000026bbba0d800 JavaThread "http-nio-8761-ClientPoller-0" daemon [_thread_in_native, id=5276, stack(0x000000e7a5900000,0x000000e7a5a00000)]
  0x0000026bbba0f800 JavaThread "http-nio-8761-ClientPoller-1" daemon [_thread_in_native, id=2536, stack(0x000000e7a5a00000,0x000000e7a5b00000)]
  0x0000026bbba11000 JavaThread "http-nio-8761-Acceptor-0" daemon [_thread_in_native, id=804, stack(0x000000e7a5b00000,0x000000e7a5c00000)]
  0x0000026bbba0d000 JavaThread "DestroyJavaVM" [_thread_blocked, id=1172, stack(0x000000e7a0e00000,0x000000e7a0f00000)]
  0x0000026bbba0b800 JavaThread "DiscoveryClient-CacheRefreshExecutor-0" daemon [_thread_blocked, id=3112, stack(0x000000e7a5d00000,0x000000e7a5e00000)]
  0x0000026bbba12000 JavaThread "DiscoveryClient-HeartbeatExecutor-0" daemon [_thread_blocked, id=6944, stack(0x000000e7a5e00000,0x000000e7a5f00000)]
  0x0000026bbba10000 JavaThread "AsyncResolver-bootstrap-executor-0" daemon [_thread_blocked, id=10952, stack(0x000000e7a0d00000,0x000000e7a0e00000)]

Other Threads:
  0x0000026bb95b0800 VMThread "VM Thread" [stack: 0x000000e7a1400000,0x000000e7a1500000] [id=2756]
  0x0000026bba5ea000 WatcherThread [stack: 0x000000e7a2000000,0x000000e7a2100000] [id=8488]
  0x0000026b9c16e800 GCTaskThread "GC Thread#0" [stack: 0x000000e7a0f00000,0x000000e7a1000000] [id=2208]
  0x0000026bba0ac000 GCTaskThread "GC Thread#1" [stack: 0x000000e7a1e00000,0x000000e7a1f00000] [id=3324]
  0x0000026b9c19e800 ConcurrentGCThread "G1 Main Marker" [stack: 0x000000e7a1000000,0x000000e7a1100000] [id=4052]
  0x0000026b9c1a1800 ConcurrentGCThread "G1 Conc#0" [stack: 0x000000e7a1100000,0x000000e7a1200000] [id=3708]
  0x0000026b9c229800 ConcurrentGCThread "G1 Refine#0" [stack: 0x000000e7a1200000,0x000000e7a1300000] [id=9840]
  0x0000026b9c22b800 ConcurrentGCThread "G1 Young RemSet Sampling" [stack: 0x000000e7a1300000,0x000000e7a1400000] [id=1128]

Threads with active compile tasks:
C2 CompilerThread04932529 10706   !   4       org.apache.catalina.core.ContainerBase::getRealm (80 bytes)

VM state:not at safepoint (normal execution)

VM Mutex/Monitor currently owned by a thread: None

Heap address: 0x0000000080000000, size: 2048 MB, Compressed Oops mode: 32-bit
Narrow klass base: 0x0000000000000000, Narrow klass shift: 3
Compressed class space size: 1073741824 Address: 0x0000000100000000

Heap:
 garbage-first heap   total 234496K, used 57184K [0x0000000080000000, 0x0000000100000000)
  region size 1024K, 27 young (27648K), 8 survivors (8192K)
 Metaspace       used 71874K, capacity 73348K, committed 73464K, reserved 1114112K
  class space    used 8636K, capacity 9245K, committed 9292K, reserved 1048576K
Heap Regions: E=young(eden), S=young(survivor), O=old, HS=humongous(starts), HC=humongous(continues), CS=collection set, F=free, A=archive, TAMS=top-at-mark-start (previous, next)
|   0|0x0000000080000000, 0x0000000080100000, 0x0000000080100000|100%| O|  |TAMS 0x0000000080100000, 0x0000000080000000| Untracked 
|   1|0x0000000080100000, 0x0000000080200000, 0x0000000080200000|100%| O|  |TAMS 0x0000000080200000, 0x0000000080100000| Untracked 
|   2|0x0000000080200000, 0x0000000080300000, 0x0000000080300000|100%| O|  |TAMS 0x0000000080300000, 0x0000000080200000| Untracked 
|   3|0x0000000080300000, 0x0000000080400000, 0x0000000080400000|100%| O|  |TAMS 0x0000000080400000, 0x0000000080300000| Untracked 
|   4|0x0000000080400000, 0x0000000080500000, 0x0000000080500000|100%| O|  |TAMS 0x0000000080500000, 0x0000000080400000| Untracked 
|   5|0x0000000080500000, 0x0000000080600000, 0x0000000080600000|100%| O|  |TAMS 0x0000000080600000, 0x0000000080500000| Untracked 
|   6|0x0000000080600000, 0x0000000080700000, 0x0000000080700000|100%| O|  |TAMS 0x0000000080700000, 0x0000000080600000| Untracked 
|   7|0x0000000080700000, 0x0000000080800000, 0x0000000080800000|100%| O|  |TAMS 0x0000000080800000, 0x0000000080700000| Untracked 
|   8|0x0000000080800000, 0x0000000080900000, 0x0000000080900000|100%| O|  |TAMS 0x0000000080900000, 0x0000000080800000| Untracked 
|   9|0x0000000080900000, 0x0000000080a00000, 0x0000000080a00000|100%| O|  |TAMS 0x0000000080a00000, 0x0000000080900000| Untracked 
|  10|0x0000000080a00000, 0x0000000080b00000, 0x0000000080b00000|100%| O|  |TAMS 0x0000000080b00000, 0x0000000080a00000| Untracked 
|  11|0x0000000080b00000, 0x0000000080c00000, 0x0000000080c00000|100%| O|  |TAMS 0x0000000080c00000, 0x0000000080b00000| Untracked 
|  12|0x0000000080c00000, 0x0000000080d00000, 0x0000000080d00000|100%| O|  |TAMS 0x0000000080d00000, 0x0000000080c00000| Untracked 
|  13|0x0000000080d00000, 0x0000000080e00000, 0x0000000080e00000|100%| O|  |TAMS 0x0000000080e00000, 0x0000000080d00000| Untracked 
|  14|0x0000000080e00000, 0x0000000080f00000, 0x0000000080f00000|100%| O|  |TAMS 0x0000000080f00000, 0x0000000080e00000| Untracked 
|  15|0x0000000080f00000, 0x0000000081000000, 0x0000000081000000|100%| O|  |TAMS 0x0000000081000000, 0x0000000080f00000| Untracked 
|  16|0x0000000081000000, 0x0000000081100000, 0x0000000081100000|100%| O|  |TAMS 0x0000000081100000, 0x0000000081000000| Untracked 
|  17|0x0000000081100000, 0x0000000081200000, 0x0000000081200000|100%| O|  |TAMS 0x0000000081200000, 0x0000000081100000| Untracked 
|  18|0x0000000081200000, 0x0000000081300000, 0x0000000081300000|100%| O|  |TAMS 0x0000000081300000, 0x0000000081200000| Untracked 
|  19|0x0000000081300000, 0x0000000081400000, 0x0000000081400000|100%| O|  |TAMS 0x0000000081400000, 0x0000000081300000| Untracked 
|  20|0x0000000081400000, 0x0000000081500000, 0x0000000081500000|100%| O|  |TAMS 0x0000000081500000, 0x0000000081400000| Untracked 
|  21|0x0000000081500000, 0x0000000081600000, 0x0000000081600000|100%| O|  |TAMS 0x0000000081600000, 0x0000000081500000| Untracked 
|  22|0x0000000081600000, 0x0000000081700000, 0x0000000081700000|100%| O|  |TAMS 0x0000000081700000, 0x0000000081600000| Untracked 
|  23|0x0000000081700000, 0x0000000081800000, 0x0000000081800000|100%| O|  |TAMS 0x0000000081800000, 0x0000000081700000| Untracked 
|  24|0x0000000081800000, 0x0000000081900000, 0x0000000081900000|100%| O|  |TAMS 0x0000000081900000, 0x0000000081800000| Untracked 
|  25|0x0000000081900000, 0x0000000081a00000, 0x0000000081a00000|100%| O|  |TAMS 0x00000000819f0400, 0x0000000081900000| Untracked 
|  26|0x0000000081a00000, 0x0000000081b00000, 0x0000000081b00000|100%| O|  |TAMS 0x0000000081a00000, 0x0000000081a00000| Untracked 
|  27|0x0000000081b00000, 0x0000000081c00000, 0x0000000081c00000|100%| O|  |TAMS 0x0000000081b00000, 0x0000000081b00000| Untracked 
|  28|0x0000000081c00000, 0x0000000081d00000, 0x0000000081d00000|100%| O|  |TAMS 0x0000000081c00000, 0x0000000081c00000| Untracked 
|  29|0x0000000081d00000, 0x0000000081dd8200, 0x0000000081e00000| 84%| O|  |TAMS 0x0000000081d00000, 0x0000000081d00000| Untracked 
|  30|0x0000000081e00000, 0x0000000081e00000, 0x0000000081f00000|  0%| F|  |TAMS 0x0000000081e00000, 0x0000000081e00000| Untracked 
|  31|0x0000000081f00000, 0x0000000081f00000, 0x0000000082000000|  0%| F|  |TAMS 0x0000000081f00000, 0x0000000081f00000| Untracked 
|  32|0x0000000082000000, 0x0000000082000000, 0x0000000082100000|  0%| F|  |TAMS 0x0000000082000000, 0x0000000082000000| Untracked 
|  33|0x0000000082100000, 0x0000000082100000, 0x0000000082200000|  0%| F|  |TAMS 0x0000000082100000, 0x0000000082100000| Untracked 
|  34|0x0000000082200000, 0x0000000082200000, 0x0000000082300000|  0%| F|  |TAMS 0x0000000082200000, 0x0000000082200000| Untracked 
|  35|0x0000000082300000, 0x0000000082300000, 0x0000000082400000|  0%| F|  |TAMS 0x0000000082300000, 0x0000000082300000| Untracked 
|  36|0x0000000082400000, 0x0000000082400000, 0x0000000082500000|  0%| F|  |TAMS 0x0000000082400000, 0x0000000082400000| Untracked 
|  37|0x0000000082500000, 0x0000000082500000, 0x0000000082600000|  0%| F|  |TAMS 0x0000000082500000, 0x0000000082500000| Untracked 
|  38|0x0000000082600000, 0x0000000082600000, 0x0000000082700000|  0%| F|  |TAMS 0x0000000082600000, 0x0000000082600000| Untracked 
|  39|0x0000000082700000, 0x0000000082700000, 0x0000000082800000|  0%| F|  |TAMS 0x0000000082700000, 0x0000000082700000| Untracked 
|  40|0x0000000082800000, 0x0000000082800000, 0x0000000082900000|  0%| F|  |TAMS 0x0000000082800000, 0x0000000082800000| Untracked 
|  41|0x0000000082900000, 0x0000000082900000, 0x0000000082a00000|  0%| F|  |TAMS 0x0000000082900000, 0x0000000082900000| Untracked 
|  42|0x0000000082a00000, 0x0000000082a00000, 0x0000000082b00000|  0%| F|  |TAMS 0x0000000082a00000, 0x0000000082a00000| Untracked 
|  43|0x0000000082b00000, 0x0000000082b00000, 0x0000000082c00000|  0%| F|  |TAMS 0x0000000082b00000, 0x0000000082b00000| Untracked 
|  44|0x0000000082c00000, 0x0000000082c00000, 0x0000000082d00000|  0%| F|  |TAMS 0x0000000082c00000, 0x0000000082c00000| Untracked 
|  45|0x0000000082d00000, 0x0000000082d00000, 0x0000000082e00000|  0%| F|  |TAMS 0x0000000082d00000, 0x0000000082d00000| Untracked 
|  46|0x0000000082e00000, 0x0000000082e00000, 0x0000000082f00000|  0%| F|  |TAMS 0x0000000082e00000, 0x0000000082e00000| Untracked 
|  47|0x0000000082f00000, 0x0000000082f00000, 0x0000000083000000|  0%| F|  |TAMS 0x0000000082f00000, 0x0000000082f00000| Untracked 
|  48|0x0000000083000000, 0x0000000083000000, 0x0000000083100000|  0%| F|  |TAMS 0x0000000083000000, 0x0000000083000000| Untracked 
|  49|0x0000000083100000, 0x0000000083100000, 0x0000000083200000|  0%| F|  |TAMS 0x0000000083100000, 0x0000000083100000| Untracked 
|  50|0x0000000083200000, 0x0000000083200000, 0x0000000083300000|  0%| F|  |TAMS 0x0000000083200000, 0x0000000083200000| Untracked 
|  51|0x0000000083300000, 0x0000000083300000, 0x0000000083400000|  0%| F|  |TAMS 0x0000000083300000, 0x0000000083300000| Untracked 
|  52|0x0000000083400000, 0x0000000083400000, 0x0000000083500000|  0%| F|  |TAMS 0x0000000083400000, 0x0000000083400000| Untracked 
|  53|0x0000000083500000, 0x0000000083500000, 0x0000000083600000|  0%| F|  |TAMS 0x0000000083500000, 0x0000000083500000| Untracked 
|  54|0x0000000083600000, 0x0000000083600000, 0x0000000083700000|  0%| F|  |TAMS 0x0000000083600000, 0x0000000083600000| Untracked 
|  55|0x0000000083700000, 0x0000000083700000, 0x0000000083800000|  0%| F|  |TAMS 0x0000000083700000, 0x0000000083700000| Untracked 
|  56|0x0000000083800000, 0x0000000083800000, 0x0000000083900000|  0%| F|  |TAMS 0x0000000083800000, 0x0000000083800000| Untracked 
|  57|0x0000000083900000, 0x0000000083900000, 0x0000000083a00000|  0%| F|  |TAMS 0x0000000083900000, 0x0000000083900000| Untracked 
|  58|0x0000000083a00000, 0x0000000083a00000, 0x0000000083b00000|  0%| F|  |TAMS 0x0000000083a00000, 0x0000000083a00000| Untracked 
|  59|0x0000000083b00000, 0x0000000083b00000, 0x0000000083c00000|  0%| F|  |TAMS 0x0000000083b00000, 0x0000000083b00000| Untracked 
|  60|0x0000000083c00000, 0x0000000083c00000, 0x0000000083d00000|  0%| F|  |TAMS 0x0000000083c00000, 0x0000000083c00000| Untracked 
|  61|0x0000000083d00000, 0x0000000083d00000, 0x0000000083e00000|  0%| F|  |TAMS 0x0000000083d00000, 0x0000000083d00000| Untracked 
|  62|0x0000000083e00000, 0x0000000083e00000, 0x0000000083f00000|  0%| F|  |TAMS 0x0000000083e00000, 0x0000000083e00000| Untracked 
|  63|0x0000000083f00000, 0x0000000083f00000, 0x0000000084000000|  0%| F|  |TAMS 0x0000000083f00000, 0x0000000083f00000| Untracked 
|  64|0x0000000084000000, 0x0000000084000000, 0x0000000084100000|  0%| F|  |TAMS 0x0000000084000000, 0x0000000084000000| Untracked 
|  65|0x0000000084100000, 0x0000000084100000, 0x0000000084200000|  0%| F|  |TAMS 0x0000000084100000, 0x0000000084100000| Untracked 
|  66|0x0000000084200000, 0x0000000084200000, 0x0000000084300000|  0%| F|  |TAMS 0x0000000084200000, 0x0000000084200000| Untracked 
|  67|0x0000000084300000, 0x0000000084300000, 0x0000000084400000|  0%| F|  |TAMS 0x0000000084300000, 0x0000000084300000| Untracked 
|  68|0x0000000084400000, 0x0000000084400000, 0x0000000084500000|  0%| F|  |TAMS 0x0000000084400000, 0x0000000084400000| Untracked 
|  69|0x0000000084500000, 0x0000000084500000, 0x0000000084600000|  0%| F|  |TAMS 0x0000000084500000, 0x0000000084500000| Untracked 
|  70|0x0000000084600000, 0x0000000084600000, 0x0000000084700000|  0%| F|  |TAMS 0x0000000084600000, 0x0000000084600000| Untracked 
|  71|0x0000000084700000, 0x0000000084700000, 0x0000000084800000|  0%| F|  |TAMS 0x0000000084700000, 0x0000000084700000| Untracked 
|  72|0x0000000084800000, 0x0000000084800000, 0x0000000084900000|  0%| F|  |TAMS 0x0000000084800000, 0x0000000084800000| Untracked 
|  73|0x0000000084900000, 0x0000000084900000, 0x0000000084a00000|  0%| F|  |TAMS 0x0000000084900000, 0x0000000084900000| Untracked 
|  74|0x0000000084a00000, 0x0000000084a00000, 0x0000000084b00000|  0%| F|  |TAMS 0x0000000084a00000, 0x0000000084a00000| Untracked 
|  75|0x0000000084b00000, 0x0000000084b00000, 0x0000000084c00000|  0%| F|  |TAMS 0x0000000084b00000, 0x0000000084b00000| Untracked 
|  76|0x0000000084c00000, 0x0000000084c00000, 0x0000000084d00000|  0%| F|  |TAMS 0x0000000084c00000, 0x0000000084c00000| Untracked 
|  77|0x0000000084d00000, 0x0000000084d00000, 0x0000000084e00000|  0%| F|  |TAMS 0x0000000084d00000, 0x0000000084d00000| Untracked 
|  78|0x0000000084e00000, 0x0000000084e00000, 0x0000000084f00000|  0%| F|  |TAMS 0x0000000084e00000, 0x0000000084e00000| Untracked 
|  79|0x0000000084f00000, 0x0000000084f00000, 0x0000000085000000|  0%| F|  |TAMS 0x0000000084f00000, 0x0000000084f00000| Untracked 
|  80|0x0000000085000000, 0x0000000085000000, 0x0000000085100000|  0%| F|  |TAMS 0x0000000085000000, 0x0000000085000000| Untracked 
|  81|0x0000000085100000, 0x0000000085100000, 0x0000000085200000|  0%| F|  |TAMS 0x0000000085100000, 0x0000000085100000| Untracked 
|  82|0x0000000085200000, 0x0000000085200000, 0x0000000085300000|  0%| F|  |TAMS 0x0000000085200000, 0x0000000085200000| Untracked 
|  83|0x0000000085300000, 0x0000000085300000, 0x0000000085400000|  0%| F|  |TAMS 0x0000000085300000, 0x0000000085300000| Untracked 
|  84|0x0000000085400000, 0x0000000085400000, 0x0000000085500000|  0%| F|  |TAMS 0x0000000085400000, 0x0000000085400000| Untracked 
|  85|0x0000000085500000, 0x0000000085500000, 0x0000000085600000|  0%| F|  |TAMS 0x0000000085500000, 0x0000000085500000| Untracked 
|  86|0x0000000085600000, 0x0000000085600000, 0x0000000085700000|  0%| F|  |TAMS 0x0000000085600000, 0x0000000085600000| Untracked 
|  87|0x0000000085700000, 0x0000000085700000, 0x0000000085800000|  0%| F|  |TAMS 0x0000000085700000, 0x0000000085700000| Untracked 
|  88|0x0000000085800000, 0x0000000085800000, 0x0000000085900000|  0%| F|  |TAMS 0x0000000085800000, 0x0000000085800000| Untracked 
|  89|0x0000000085900000, 0x0000000085900000, 0x0000000085a00000|  0%| F|  |TAMS 0x0000000085900000, 0x0000000085900000| Untracked 
|  90|0x0000000085a00000, 0x0000000085a00000, 0x0000000085b00000|  0%| F|  |TAMS 0x0000000085a00000, 0x0000000085a00000| Untracked 
|  91|0x0000000085b00000, 0x0000000085b00000, 0x0000000085c00000|  0%| F|  |TAMS 0x0000000085b00000, 0x0000000085b00000| Untracked 
|  92|0x0000000085c00000, 0x0000000085c00000, 0x0000000085d00000|  0%| F|  |TAMS 0x0000000085c00000, 0x0000000085c00000| Untracked 
|  93|0x0000000085d00000, 0x0000000085d00000, 0x0000000085e00000|  0%| F|  |TAMS 0x0000000085d00000, 0x0000000085d00000| Untracked 
|  94|0x0000000085e00000, 0x0000000085e00000, 0x0000000085f00000|  0%| F|  |TAMS 0x0000000085e00000, 0x0000000085e00000| Untracked 
|  95|0x0000000085f00000, 0x0000000085f00000, 0x0000000086000000|  0%| F|  |TAMS 0x0000000085f00000, 0x0000000085f00000| Untracked 
|  96|0x0000000086000000, 0x0000000086100000, 0x0000000086100000|100%| S|CS|TAMS 0x0000000086000000, 0x0000000086000000| Complete 
|  97|0x0000000086100000, 0x0000000086200000, 0x0000000086200000|100%| S|CS|TAMS 0x0000000086100000, 0x0000000086100000| Complete 
|  98|0x0000000086200000, 0x0000000086300000, 0x0000000086300000|100%| S|CS|TAMS 0x0000000086200000, 0x0000000086200000| Complete 
|  99|0x0000000086300000, 0x0000000086400000, 0x0000000086400000|100%| S|CS|TAMS 0x0000000086300000, 0x0000000086300000| Complete 
| 100|0x0000000086400000, 0x0000000086500000, 0x0000000086500000|100%| S|CS|TAMS 0x0000000086400000, 0x0000000086400000| Complete 
| 101|0x0000000086500000, 0x0000000086600000, 0x0000000086600000|100%| S|CS|TAMS 0x0000000086500000, 0x0000000086500000| Complete 
| 102|0x0000000086600000, 0x0000000086700000, 0x0000000086700000|100%| S|CS|TAMS 0x0000000086600000, 0x0000000086600000| Complete 
| 103|0x0000000086700000, 0x0000000086800000, 0x0000000086800000|100%| S|CS|TAMS 0x0000000086700000, 0x0000000086700000| Complete 
| 104|0x0000000086800000, 0x0000000086800000, 0x0000000086900000|  0%| F|  |TAMS 0x0000000086800000, 0x0000000086800000| Untracked 
| 105|0x0000000086900000, 0x0000000086900000, 0x0000000086a00000|  0%| F|  |TAMS 0x0000000086900000, 0x0000000086900000| Untracked 
| 106|0x0000000086a00000, 0x0000000086a00000, 0x0000000086b00000|  0%| F|  |TAMS 0x0000000086a00000, 0x0000000086a00000| Untracked 
| 107|0x0000000086b00000, 0x0000000086b00000, 0x0000000086c00000|  0%| F|  |TAMS 0x0000000086b00000, 0x0000000086b00000| Untracked 
| 108|0x0000000086c00000, 0x0000000086c00000, 0x0000000086d00000|  0%| F|  |TAMS 0x0000000086c00000, 0x0000000086c00000| Untracked 
| 109|0x0000000086d00000, 0x0000000086d00000, 0x0000000086e00000|  0%| F|  |TAMS 0x0000000086d00000, 0x0000000086d00000| Untracked 
| 110|0x0000000086e00000, 0x0000000086e00000, 0x0000000086f00000|  0%| F|  |TAMS 0x0000000086e00000, 0x0000000086e00000| Untracked 
| 111|0x0000000086f00000, 0x0000000086f00000, 0x0000000087000000|  0%| F|  |TAMS 0x0000000086f00000, 0x0000000086f00000| Untracked 
| 112|0x0000000087000000, 0x0000000087000000, 0x0000000087100000|  0%| F|  |TAMS 0x0000000087000000, 0x0000000087000000| Untracked 
| 113|0x0000000087100000, 0x0000000087100000, 0x0000000087200000|  0%| F|  |TAMS 0x0000000087100000, 0x0000000087100000| Untracked 
| 114|0x0000000087200000, 0x0000000087200000, 0x0000000087300000|  0%| F|  |TAMS 0x0000000087200000, 0x0000000087200000| Untracked 
| 115|0x0000000087300000, 0x0000000087300000, 0x0000000087400000|  0%| F|  |TAMS 0x0000000087300000, 0x0000000087300000| Untracked 
| 116|0x0000000087400000, 0x0000000087400000, 0x0000000087500000|  0%| F|  |TAMS 0x0000000087400000, 0x0000000087400000| Untracked 
| 117|0x0000000087500000, 0x0000000087500000, 0x0000000087600000|  0%| F|  |TAMS 0x0000000087500000, 0x0000000087500000| Untracked 
| 118|0x0000000087600000, 0x0000000087600000, 0x0000000087700000|  0%| F|  |TAMS 0x0000000087600000, 0x0000000087600000| Untracked 
| 119|0x0000000087700000, 0x0000000087700000, 0x0000000087800000|  0%| F|  |TAMS 0x0000000087700000, 0x0000000087700000| Untracked 
| 120|0x0000000087800000, 0x0000000087800000, 0x0000000087900000|  0%| F|  |TAMS 0x0000000087800000, 0x0000000087800000| Untracked 
| 121|0x0000000087900000, 0x0000000087900000, 0x0000000087a00000|  0%| F|  |TAMS 0x0000000087900000, 0x0000000087900000| Untracked 
| 122|0x0000000087a00000, 0x0000000087a00000, 0x0000000087b00000|  0%| F|  |TAMS 0x0000000087a00000, 0x0000000087a00000| Untracked 
| 123|0x0000000087b00000, 0x0000000087b00000, 0x0000000087c00000|  0%| F|  |TAMS 0x0000000087b00000, 0x0000000087b00000| Untracked 
| 124|0x0000000087c00000, 0x0000000087c00000, 0x0000000087d00000|  0%| F|  |TAMS 0x0000000087c00000, 0x0000000087c00000| Untracked 
| 125|0x0000000087d00000, 0x0000000087d00000, 0x0000000087e00000|  0%| F|  |TAMS 0x0000000087d00000, 0x0000000087d00000| Untracked 
| 126|0x0000000087e00000, 0x0000000087e00000, 0x0000000087f00000|  0%| F|  |TAMS 0x0000000087e00000, 0x0000000087e00000| Untracked 
| 127|0x0000000087f00000, 0x0000000087f00000, 0x0000000088000000|  0%| F|  |TAMS 0x0000000087f00000, 0x0000000087f00000| Untracked 
| 128|0x0000000088000000, 0x0000000088000000, 0x0000000088100000|  0%| F|  |TAMS 0x0000000088000000, 0x0000000088000000| Untracked 
| 129|0x0000000088100000, 0x0000000088100000, 0x0000000088200000|  0%| F|  |TAMS 0x0000000088100000, 0x0000000088100000| Untracked 
| 130|0x0000000088200000, 0x0000000088200000, 0x0000000088300000|  0%| F|  |TAMS 0x0000000088200000, 0x0000000088200000| Untracked 
| 131|0x0000000088300000, 0x0000000088300000, 0x0000000088400000|  0%| F|  |TAMS 0x0000000088300000, 0x0000000088300000| Untracked 
| 132|0x0000000088400000, 0x0000000088400000, 0x0000000088500000|  0%| F|  |TAMS 0x0000000088400000, 0x0000000088400000| Untracked 
| 133|0x0000000088500000, 0x0000000088500000, 0x0000000088600000|  0%| F|  |TAMS 0x0000000088500000, 0x0000000088500000| Untracked 
| 134|0x0000000088600000, 0x0000000088600000, 0x0000000088700000|  0%| F|  |TAMS 0x0000000088600000, 0x0000000088600000| Untracked 
| 135|0x0000000088700000, 0x0000000088700000, 0x0000000088800000|  0%| F|  |TAMS 0x0000000088700000, 0x0000000088700000| Untracked 
| 136|0x0000000088800000, 0x0000000088800000, 0x0000000088900000|  0%| F|  |TAMS 0x0000000088800000, 0x0000000088800000| Untracked 
| 137|0x0000000088900000, 0x0000000088900000, 0x0000000088a00000|  0%| F|  |TAMS 0x0000000088900000, 0x0000000088900000| Untracked 
| 138|0x0000000088a00000, 0x0000000088a00000, 0x0000000088b00000|  0%| F|  |TAMS 0x0000000088a00000, 0x0000000088a00000| Untracked 
| 139|0x0000000088b00000, 0x0000000088b00000, 0x0000000088c00000|  0%| F|  |TAMS 0x0000000088b00000, 0x0000000088b00000| Untracked 
| 140|0x0000000088c00000, 0x0000000088c00000, 0x0000000088d00000|  0%| F|  |TAMS 0x0000000088c00000, 0x0000000088c00000| Untracked 
| 141|0x0000000088d00000, 0x0000000088d00000, 0x0000000088e00000|  0%| F|  |TAMS 0x0000000088d00000, 0x0000000088d00000| Untracked 
| 142|0x0000000088e00000, 0x0000000088e00000, 0x0000000088f00000|  0%| F|  |TAMS 0x0000000088e00000, 0x0000000088e00000| Untracked 
| 143|0x0000000088f00000, 0x0000000088f00000, 0x0000000089000000|  0%| F|  |TAMS 0x0000000088f00000, 0x0000000088f00000| Untracked 
| 144|0x0000000089000000, 0x0000000089000000, 0x0000000089100000|  0%| F|  |TAMS 0x0000000089000000, 0x0000000089000000| Untracked 
| 145|0x0000000089100000, 0x0000000089100000, 0x0000000089200000|  0%| F|  |TAMS 0x0000000089100000, 0x0000000089100000| Untracked 
| 146|0x0000000089200000, 0x0000000089200000, 0x0000000089300000|  0%| F|  |TAMS 0x0000000089200000, 0x0000000089200000| Untracked 
| 147|0x0000000089300000, 0x0000000089300000, 0x0000000089400000|  0%| F|  |TAMS 0x0000000089300000, 0x0000000089300000| Untracked 
| 148|0x0000000089400000, 0x0000000089400000, 0x0000000089500000|  0%| F|  |TAMS 0x0000000089400000, 0x0000000089400000| Untracked 
| 149|0x0000000089500000, 0x0000000089500000, 0x0000000089600000|  0%| F|  |TAMS 0x0000000089500000, 0x0000000089500000| Untracked 
| 150|0x0000000089600000, 0x0000000089600000, 0x0000000089700000|  0%| F|  |TAMS 0x0000000089600000, 0x0000000089600000| Untracked 
| 151|0x0000000089700000, 0x0000000089700000, 0x0000000089800000|  0%| F|  |TAMS 0x0000000089700000, 0x0000000089700000| Untracked 
| 152|0x0000000089800000, 0x0000000089800000, 0x0000000089900000|  0%| F|  |TAMS 0x0000000089800000, 0x0000000089800000| Untracked 
| 153|0x0000000089900000, 0x0000000089900000, 0x0000000089a00000|  0%| F|  |TAMS 0x0000000089900000, 0x0000000089900000| Untracked 
| 154|0x0000000089a00000, 0x0000000089a00000, 0x0000000089b00000|  0%| F|  |TAMS 0x0000000089a00000, 0x0000000089a00000| Untracked 
| 155|0x0000000089b00000, 0x0000000089b00000, 0x0000000089c00000|  0%| F|  |TAMS 0x0000000089b00000, 0x0000000089b00000| Untracked 
| 156|0x0000000089c00000, 0x0000000089c00000, 0x0000000089d00000|  0%| F|  |TAMS 0x0000000089c00000, 0x0000000089c00000| Untracked 
| 157|0x0000000089d00000, 0x0000000089d00000, 0x0000000089e00000|  0%| F|  |TAMS 0x0000000089d00000, 0x0000000089d00000| Untracked 
| 158|0x0000000089e00000, 0x0000000089e00000, 0x0000000089f00000|  0%| F|  |TAMS 0x0000000089e00000, 0x0000000089e00000| Untracked 
| 159|0x0000000089f00000, 0x0000000089f00000, 0x000000008a000000|  0%| F|  |TAMS 0x0000000089f00000, 0x0000000089f00000| Untracked 
| 160|0x000000008a000000, 0x000000008a000000, 0x000000008a100000|  0%| F|  |TAMS 0x000000008a000000, 0x000000008a000000| Untracked 
| 161|0x000000008a100000, 0x000000008a100000, 0x000000008a200000|  0%| F|  |TAMS 0x000000008a100000, 0x000000008a100000| Untracked 
| 162|0x000000008a200000, 0x000000008a200000, 0x000000008a300000|  0%| F|  |TAMS 0x000000008a200000, 0x000000008a200000| Untracked 
| 163|0x000000008a300000, 0x000000008a300000, 0x000000008a400000|  0%| F|  |TAMS 0x000000008a300000, 0x000000008a300000| Untracked 
| 164|0x000000008a400000, 0x000000008a400000, 0x000000008a500000|  0%| F|  |TAMS 0x000000008a400000, 0x000000008a400000| Untracked 
| 165|0x000000008a500000, 0x000000008a500000, 0x000000008a600000|  0%| F|  |TAMS 0x000000008a500000, 0x000000008a500000| Untracked 
| 166|0x000000008a600000, 0x000000008a600000, 0x000000008a700000|  0%| F|  |TAMS 0x000000008a600000, 0x000000008a600000| Untracked 
| 167|0x000000008a700000, 0x000000008a700000, 0x000000008a800000|  0%| F|  |TAMS 0x000000008a700000, 0x000000008a700000| Untracked 
| 168|0x000000008a800000, 0x000000008a800000, 0x000000008a900000|  0%| F|  |TAMS 0x000000008a800000, 0x000000008a800000| Untracked 
| 169|0x000000008a900000, 0x000000008a900000, 0x000000008aa00000|  0%| F|  |TAMS 0x000000008a900000, 0x000000008a900000| Untracked 
| 170|0x000000008aa00000, 0x000000008aa00000, 0x000000008ab00000|  0%| F|  |TAMS 0x000000008aa00000, 0x000000008aa00000| Untracked 
| 171|0x000000008ab00000, 0x000000008ab00000, 0x000000008ac00000|  0%| F|  |TAMS 0x000000008ab00000, 0x000000008ab00000| Untracked 
| 172|0x000000008ac00000, 0x000000008ac00000, 0x000000008ad00000|  0%| F|  |TAMS 0x000000008ac00000, 0x000000008ac00000| Untracked 
| 173|0x000000008ad00000, 0x000000008ad00000, 0x000000008ae00000|  0%| F|  |TAMS 0x000000008ad00000, 0x000000008ad00000| Untracked 
| 174|0x000000008ae00000, 0x000000008ae00000, 0x000000008af00000|  0%| F|  |TAMS 0x000000008ae00000, 0x000000008ae00000| Untracked 
| 175|0x000000008af00000, 0x000000008af00000, 0x000000008b000000|  0%| F|  |TAMS 0x000000008af00000, 0x000000008af00000| Untracked 
| 176|0x000000008b000000, 0x000000008b000000, 0x000000008b100000|  0%| F|  |TAMS 0x000000008b000000, 0x000000008b000000| Untracked 
| 177|0x000000008b100000, 0x000000008b100000, 0x000000008b200000|  0%| F|  |TAMS 0x000000008b100000, 0x000000008b100000| Untracked 
| 178|0x000000008b200000, 0x000000008b200000, 0x000000008b300000|  0%| F|  |TAMS 0x000000008b200000, 0x000000008b200000| Untracked 
| 179|0x000000008b300000, 0x000000008b300000, 0x000000008b400000|  0%| F|  |TAMS 0x000000008b300000, 0x000000008b300000| Untracked 
| 180|0x000000008b400000, 0x000000008b400000, 0x000000008b500000|  0%| F|  |TAMS 0x000000008b400000, 0x000000008b400000| Untracked 
| 181|0x000000008b500000, 0x000000008b500000, 0x000000008b600000|  0%| F|  |TAMS 0x000000008b500000, 0x000000008b500000| Untracked 
| 182|0x000000008b600000, 0x000000008b600000, 0x000000008b700000|  0%| F|  |TAMS 0x000000008b600000, 0x000000008b600000| Untracked 
| 183|0x000000008b700000, 0x000000008b700000, 0x000000008b800000|  0%| F|  |TAMS 0x000000008b700000, 0x000000008b700000| Untracked 
| 184|0x000000008b800000, 0x000000008b800000, 0x000000008b900000|  0%| F|  |TAMS 0x000000008b800000, 0x000000008b800000| Untracked 
| 185|0x000000008b900000, 0x000000008b900000, 0x000000008ba00000|  0%| F|  |TAMS 0x000000008b900000, 0x000000008b900000| Untracked 
| 186|0x000000008ba00000, 0x000000008ba00000, 0x000000008bb00000|  0%| F|  |TAMS 0x000000008ba00000, 0x000000008ba00000| Untracked 
| 187|0x000000008bb00000, 0x000000008bb00000, 0x000000008bc00000|  0%| F|  |TAMS 0x000000008bb00000, 0x000000008bb00000| Untracked 
| 188|0x000000008bc00000, 0x000000008bc00000, 0x000000008bd00000|  0%| F|  |TAMS 0x000000008bc00000, 0x000000008bc00000| Untracked 
| 189|0x000000008bd00000, 0x000000008bd00000, 0x000000008be00000|  0%| F|  |TAMS 0x000000008bd00000, 0x000000008bd00000| Untracked 
| 190|0x000000008be00000, 0x000000008be00000, 0x000000008bf00000|  0%| F|  |TAMS 0x000000008be00000, 0x000000008be00000| Untracked 
| 191|0x000000008bf00000, 0x000000008bf00000, 0x000000008c000000|  0%| F|  |TAMS 0x000000008bf00000, 0x000000008bf00000| Untracked 
| 192|0x000000008c000000, 0x000000008c000000, 0x000000008c100000|  0%| F|  |TAMS 0x000000008c000000, 0x000000008c000000| Untracked 
| 193|0x000000008c100000, 0x000000008c100000, 0x000000008c200000|  0%| F|  |TAMS 0x000000008c100000, 0x000000008c100000| Untracked 
| 194|0x000000008c200000, 0x000000008c200000, 0x000000008c300000|  0%| F|  |TAMS 0x000000008c200000, 0x000000008c200000| Untracked 
| 195|0x000000008c300000, 0x000000008c300000, 0x000000008c400000|  0%| F|  |TAMS 0x000000008c300000, 0x000000008c300000| Untracked 
| 196|0x000000008c400000, 0x000000008c400000, 0x000000008c500000|  0%| F|  |TAMS 0x000000008c400000, 0x000000008c400000| Untracked 
| 197|0x000000008c500000, 0x000000008c500000, 0x000000008c600000|  0%| F|  |TAMS 0x000000008c500000, 0x000000008c500000| Untracked 
| 198|0x000000008c600000, 0x000000008c600000, 0x000000008c700000|  0%| F|  |TAMS 0x000000008c600000, 0x000000008c600000| Untracked 
| 199|0x000000008c700000, 0x000000008c700000, 0x000000008c800000|  0%| F|  |TAMS 0x000000008c700000, 0x000000008c700000| Untracked 
| 200|0x000000008c800000, 0x000000008c800000, 0x000000008c900000|  0%| F|  |TAMS 0x000000008c800000, 0x000000008c800000| Untracked 
| 201|0x000000008c900000, 0x000000008c900000, 0x000000008ca00000|  0%| F|  |TAMS 0x000000008c900000, 0x000000008c900000| Untracked 
| 202|0x000000008ca00000, 0x000000008ca00000, 0x000000008cb00000|  0%| F|  |TAMS 0x000000008ca00000, 0x000000008ca00000| Untracked 
| 203|0x000000008cb00000, 0x000000008cb00000, 0x000000008cc00000|  0%| F|  |TAMS 0x000000008cb00000, 0x000000008cb00000| Untracked 
| 204|0x000000008cc00000, 0x000000008cc00000, 0x000000008cd00000|  0%| F|  |TAMS 0x000000008cc00000, 0x000000008cc00000| Untracked 
| 205|0x000000008cd00000, 0x000000008cd00000, 0x000000008ce00000|  0%| F|  |TAMS 0x000000008cd00000, 0x000000008cd00000| Untracked 
| 206|0x000000008ce00000, 0x000000008ce00000, 0x000000008cf00000|  0%| F|  |TAMS 0x000000008ce00000, 0x000000008ce00000| Untracked 
| 207|0x000000008cf00000, 0x000000008cf00000, 0x000000008d000000|  0%| F|  |TAMS 0x000000008cf00000, 0x000000008cf00000| Untracked 
| 208|0x000000008d000000, 0x000000008d000000, 0x000000008d100000|  0%| F|  |TAMS 0x000000008d000000, 0x000000008d000000| Untracked 
| 209|0x000000008d100000, 0x000000008d100000, 0x000000008d200000|  0%| F|  |TAMS 0x000000008d100000, 0x000000008d100000| Untracked 
| 210|0x000000008d200000, 0x000000008d240220, 0x000000008d300000| 25%| E|  |TAMS 0x000000008d200000, 0x000000008d200000| Complete 
| 211|0x000000008d300000, 0x000000008d400000, 0x000000008d400000|100%| E|CS|TAMS 0x000000008d300000, 0x000000008d300000| Complete 
| 212|0x000000008d400000, 0x000000008d500000, 0x000000008d500000|100%| E|CS|TAMS 0x000000008d400000, 0x000000008d400000| Complete 
| 213|0x000000008d500000, 0x000000008d600000, 0x000000008d600000|100%| E|CS|TAMS 0x000000008d500000, 0x000000008d500000| Complete 
| 214|0x000000008d600000, 0x000000008d700000, 0x000000008d700000|100%| E|CS|TAMS 0x000000008d600000, 0x000000008d600000| Complete 
| 215|0x000000008d700000, 0x000000008d800000, 0x000000008d800000|100%| E|CS|TAMS 0x000000008d700000, 0x000000008d700000| Complete 
| 216|0x000000008d800000, 0x000000008d900000, 0x000000008d900000|100%| E|CS|TAMS 0x000000008d800000, 0x000000008d800000| Complete 
| 217|0x000000008d900000, 0x000000008da00000, 0x000000008da00000|100%| E|CS|TAMS 0x000000008d900000, 0x000000008d900000| Complete 
| 218|0x000000008da00000, 0x000000008db00000, 0x000000008db00000|100%| E|CS|TAMS 0x000000008da00000, 0x000000008da00000| Complete 
| 219|0x000000008db00000, 0x000000008dc00000, 0x000000008dc00000|100%| E|CS|TAMS 0x000000008db00000, 0x000000008db00000| Complete 
| 220|0x000000008dc00000, 0x000000008dd00000, 0x000000008dd00000|100%| E|CS|TAMS 0x000000008dc00000, 0x000000008dc00000| Complete 
| 221|0x000000008dd00000, 0x000000008de00000, 0x000000008de00000|100%| E|CS|TAMS 0x000000008dd00000, 0x000000008dd00000| Complete 
| 222|0x000000008de00000, 0x000000008df00000, 0x000000008df00000|100%| E|CS|TAMS 0x000000008de00000, 0x000000008de00000| Complete 
| 223|0x000000008df00000, 0x000000008e000000, 0x000000008e000000|100%| E|CS|TAMS 0x000000008df00000, 0x000000008df00000| Complete 
| 224|0x000000008e000000, 0x000000008e100000, 0x000000008e100000|100%| E|CS|TAMS 0x000000008e000000, 0x000000008e000000| Complete 
| 225|0x000000008e100000, 0x000000008e200000, 0x000000008e200000|100%| E|CS|TAMS 0x000000008e100000, 0x000000008e100000| Complete 
| 226|0x000000008e200000, 0x000000008e300000, 0x000000008e300000|100%| E|CS|TAMS 0x000000008e200000, 0x000000008e200000| Complete 
| 227|0x000000008e300000, 0x000000008e400000, 0x000000008e400000|100%| E|CS|TAMS 0x000000008e300000, 0x000000008e300000| Complete 
| 228|0x000000008e400000, 0x000000008e500000, 0x000000008e500000|100%| E|CS|TAMS 0x000000008e400000, 0x000000008e400000| Complete 

Card table byte_map: [0x0000026bb2c00000,0x0000026bb3000000] _byte_map_base: 0x0000026bb2800000

Marking Bits (Prev, Next): (CMBitMap*) 0x0000026b9c195a10, (CMBitMap*) 0x0000026b9c1959d8
 Prev Bits: [0x0000026bb5400000, 0x0000026bb7400000)
 Next Bits: [0x0000026bb3400000, 0x0000026bb5400000)

Polling page: 0x0000026b9b930000

Metaspace:

Usage:
  Non-class:     62.60 MB capacity,    61.76 MB ( 99%) used,   667.40 KB (  1%) free+waste,   197.19 KB ( <1%) overhead. 
      Class:      9.03 MB capacity,     8.43 MB ( 93%) used,   518.38 KB (  6%) free+waste,    90.06 KB ( <1%) overhead. 
       Both:     71.63 MB capacity,    70.19 MB ( 98%) used,     1.16 MB (  2%) free+waste,   287.25 KB ( <1%) overhead. 

Virtual space:
  Non-class space:       64.00 MB reserved,      62.67 MB ( 98%) committed 
      Class space:        1.00 GB reserved,       9.07 MB ( <1%) committed 
             Both:        1.06 GB reserved,      71.74 MB (  7%) committed 

Chunk freelists:
   Non-Class:  640 bytes
       Class:  384 bytes
        Both:  1.00 KB

CodeHeap 'non-profiled nmethods': size=120064Kb used=5748Kb max_used=5748Kb free=114315Kb
 bounds [0x0000026bab2c0000, 0x0000026bab860000, 0x0000026bb2800000]
CodeHeap 'profiled nmethods': size=120000Kb used=25388Kb max_used=25388Kb free=94611Kb
 bounds [0x0000026ba3d90000, 0x0000026ba5660000, 0x0000026bab2c0000]
CodeHeap 'non-nmethods': size=5696Kb used=1238Kb max_used=1288Kb free=4457Kb
 bounds [0x0000026ba3800000, 0x0000026ba3a70000, 0x0000026ba3d90000]
 total_blobs=11210 nmethods=10609 adapters=512
 compilation: enabled
              stopped_count=0, restarted_count=0
 full_count=0

Compilation events (10 events):
Event: 4917.457 Thread 0x0000026bb95d1800 nmethod 10701 0x0000026bab859f10 code [0x0000026bab85a0c0, 0x0000026bab85a458]
Event: 4917.463 Thread 0x0000026bb95d1800 10702       4       org.apache.catalina.core.ContainerBase::getAccessLog (108 bytes)
Event: 4917.463 Thread 0x0000026bb95d1800 nmethod 10702 0x0000026bab85a690 code [0x0000026bab85a800, 0x0000026bab85a878]
Event: 4918.182 Thread 0x0000026bb95d1800 10703       4       com.sun.jersey.core.util.KeyComparatorHashMap::<init> (40 bytes)
Event: 4918.191 Thread 0x0000026bb95d1800 nmethod 10703 0x0000026bab85a910 code [0x0000026bab85aac0, 0x0000026bab85b3b8]
Event: 4924.865 Thread 0x0000026bb95d1800 10704   !   4       com.netflix.discovery.shared.Application::addInstance (60 bytes)
Event: 4924.892 Thread 0x0000026bb95d1800 nmethod 10704 0x0000026bab85b590 code [0x0000026bab85b7a0, 0x0000026bab85c470]
Event: 4925.321 Thread 0x0000026bb95d1800 10705       4       org.apache.catalina.connector.Request::getScheme (11 bytes)
Event: 4925.327 Thread 0x0000026bb95d1800 nmethod 10705 0x0000026bab85cc90 code [0x0000026bab85ce40, 0x0000026bab85d1d8]
Event: 4932.251 Thread 0x0000026bb95d1800 10706   !   4       org.apache.catalina.core.ContainerBase::getRealm (80 bytes)

GC Heap History (10 events):
Event: 11.049 GC heap before
{Heap before GC invocations=11 (full 0):
 garbage-first heap   total 189440K, used 106836K [0x0000000080000000, 0x0000000100000000)
  region size 1024K, 92 young (94208K), 10 survivors (10240K)
 Metaspace       used 47197K, capacity 48238K, committed 48384K, reserved 1091584K
  class space    used 5627K, capacity 6053K, committed 6144K, reserved 1048576K
}
Event: 11.086 GC heap after
{Heap after GC invocations=12 (full 0):
 garbage-first heap   total 189440K, used 27337K [0x0000000080000000, 0x0000000100000000)
  region size 1024K, 4 young (4096K), 4 survivors (4096K)
 Metaspace       used 47197K, capacity 48238K, committed 48384K, reserved 1091584K
  class space    used 5627K, capacity 6053K, committed 6144K, reserved 1048576K
}
Event: 14.264 GC heap before
{Heap before GC invocations=12 (full 0):
 garbage-first heap   total 189440K, used 120521K [0x0000000080000000, 0x0000000100000000)
  region size 1024K, 95 young (97280K), 4 survivors (4096K)
 Metaspace       used 56630K, capacity 57896K, committed 58112K, reserved 1099776K
  class space    used 7013K, capacity 7555K, committed 7680K, reserved 1048576K
}
Event: 14.290 GC heap after
{Heap after GC invocations=13 (full 0):
 garbage-first heap   total 189440K, used 31945K [0x0000000080000000, 0x0000000100000000)
  region size 1024K, 9 young (9216K), 9 survivors (9216K)
 Metaspace       used 56630K, capacity 57896K, committed 58112K, reserved 1099776K
  class space    used 7013K, capacity 7555K, committed 7680K, reserved 1048576K
}
Event: 14.618 GC heap before
{Heap before GC invocations=13 (full 0):
 garbage-first heap   total 189440K, used 41161K [0x0000000080000000, 0x0000000100000000)
  region size 1024K, 19 young (19456K), 9 survivors (9216K)
 Metaspace       used 58595K, capacity 59843K, committed 59948K, reserved 1101824K
  class space    used 7277K, capacity 7800K, committed 7808K, reserved 1048576K
}
Event: 14.644 GC heap after
{Heap after GC invocations=14 (full 0):
 garbage-first heap   total 189440K, used 32193K [0x0000000080000000, 0x0000000100000000)
  region size 1024K, 6 young (6144K), 6 survivors (6144K)
 Metaspace       used 58595K, capacity 59843K, committed 59948K, reserved 1101824K
  class space    used 7277K, capacity 7800K, committed 7808K, reserved 1048576K
}
Event: 108.915 GC heap before
{Heap before GC invocations=15 (full 0):
 garbage-first heap   total 189440K, used 139713K [0x0000000080000000, 0x0000000100000000)
  region size 1024K, 111 young (113664K), 6 survivors (6144K)
 Metaspace       used 68714K, capacity 70162K, committed 70264K, reserved 1110016K
  class space    used 8579K, capacity 9148K, committed 9164K, reserved 1048576K
}
Event: 108.950 GC heap after
{Heap after GC invocations=16 (full 0):
 garbage-first heap   total 234496K, used 37313K [0x0000000080000000, 0x0000000100000000)
  region size 1024K, 11 young (11264K), 11 survivors (11264K)
 Metaspace       used 68714K, capacity 70162K, committed 70264K, reserved 1110016K
  class space    used 8579K, capacity 9148K, committed 9164K, reserved 1048576K
}
Event: 4577.619 GC heap before
{Heap before GC invocations=16 (full 0):
 garbage-first heap   total 234496K, used 165313K [0x0000000080000000, 0x0000000100000000)
  region size 1024K, 136 young (139264K), 11 survivors (11264K)
 Metaspace       used 71820K, capacity 73348K, committed 73464K, reserved 1114112K
  class space    used 8634K, capacity 9245K, committed 9292K, reserved 1048576K
}
Event: 4577.699 GC heap after
{Heap after GC invocations=17 (full 0):
 garbage-first heap   total 234496K, used 38752K [0x0000000080000000, 0x0000000100000000)
  region size 1024K, 8 young (8192K), 8 survivors (8192K)
 Metaspace       used 71820K, capacity 73348K, committed 73464K, reserved 1114112K
  class space    used 8634K, capacity 9245K, committed 9292K, reserved 1048576K
}

Deoptimization events (10 events):
Event: 4396.854 Thread 0x0000026bbda21800 Uncommon trap: reason=array_check action=maybe_recompile pc=0x0000026bab8327cc method=java.util.ComparableTimSort.binarySort([Ljava/lang/Object;III)V @ 183 c2
Event: 4398.715 Thread 0x0000026bbda27000 Uncommon trap: reason=array_check action=maybe_recompile pc=0x0000026bab8327cc method=java.util.ComparableTimSort.binarySort([Ljava/lang/Object;III)V @ 183 c2
Event: 4399.075 Thread 0x0000026bbda29800 Uncommon trap: reason=array_check action=maybe_recompile pc=0x0000026bab8327cc method=java.util.ComparableTimSort.binarySort([Ljava/lang/Object;III)V @ 183 c2
Event: 4399.229 Thread 0x0000026bbda28000 Uncommon trap: reason=array_check action=maybe_recompile pc=0x0000026bab8327cc method=java.util.ComparableTimSort.binarySort([Ljava/lang/Object;III)V @ 183 c2
Event: 4503.431 Thread 0x0000026bbda24000 Uncommon trap: reason=array_check action=maybe_recompile pc=0x0000026bab8387a4 method=java.util.ComparableTimSort.binarySort([Ljava/lang/Object;III)V @ 193 c2
Event: 4503.432 Thread 0x0000026bbda28000 Uncommon trap: reason=array_check action=maybe_recompile pc=0x0000026bab8387a4 method=java.util.ComparableTimSort.binarySort([Ljava/lang/Object;III)V @ 193 c2
Event: 4643.499 Thread 0x0000026bbda24000 Uncommon trap: reason=array_check action=maybe_recompile pc=0x0000026bab846e78 method=java.util.ComparableTimSort.binarySort([Ljava/lang/Object;III)V @ 215 c2
Event: 4653.451 Thread 0x0000026bbda24800 Uncommon trap: reason=array_check action=maybe_recompile pc=0x0000026bab846e78 method=java.util.ComparableTimSort.binarySort([Ljava/lang/Object;III)V @ 215 c2
Event: 4842.225 Thread 0x0000026bbda27000 Uncommon trap: reason=class_check action=maybe_recompile pc=0x0000026bab7f70bc method=com.fasterxml.jackson.databind.ser.BeanPropertyWriter.serializeAsField(Ljava/lang/Object;Lcom/fasterxml/jackson/core/JsonGenerator;Lcom/fasterxml/jackson/databind/Serial
Event: 4842.230 Thread 0x0000026bbebfc800 Uncommon trap: reason=unstable_if action=reinterpret pc=0x0000026bab7a0f60 method=org.apache.http.util.CharArrayBuffer.indexOf(III)I @ 46 c2

Classes redefined (0 events):
No events

Internal exceptions (10 events):
Event: 4902.207 Thread 0x0000026bbec08000 Exception <a 'java/net/SocketTimeoutException'{0x000000008e15aa00}: Read timed out> (0x000000008e15aa00) thrown at [./open/src/hotspot/share/prims/jni.cpp, line 632]
Event: 4913.193 Thread 0x0000026bbec08000 Exception <a 'java/net/SocketTimeoutException'{0x000000008e161a30}: Read timed out> (0x000000008e161a30) thrown at [./open/src/hotspot/share/prims/jni.cpp, line 632]
Event: 4913.807 Thread 0x0000026bbf30b000 Exception <a 'java/io/IOException'{0x000000008db647c0}> (0x000000008db647c0) thrown at [./open/src/hotspot/share/prims/jni.cpp, line 611]
Event: 4917.464 Thread 0x0000026bbda23000 Exception <a 'java/io/IOException'{0x000000008d67cd90}> (0x000000008d67cd90) thrown at [./open/src/hotspot/share/prims/jni.cpp, line 611]
Event: 4918.181 Thread 0x0000026bbec08000 Exception <a 'java/net/SocketTimeoutException'{0x000000008d3c4f88}: Read timed out> (0x000000008d3c4f88) thrown at [./open/src/hotspot/share/prims/jni.cpp, line 632]
Event: 4925.327 Thread 0x0000026bbba12000 Exception <a 'java/net/SocketTimeoutException'{0x000000008d7b02c0}: Read timed out> (0x000000008d7b02c0) thrown at [./open/src/hotspot/share/prims/jni.cpp, line 632]
Event: 4925.337 Thread 0x0000026bbda24000 Exception <a 'java/io/IOException'{0x000000008d4db7a0}> (0x000000008d4db7a0) thrown at [./open/src/hotspot/share/prims/jni.cpp, line 611]
Event: 4925.420 Thread 0x0000026bbec05800 Exception <a 'java/net/SocketTimeoutException'{0x000000008e1d4f70}: Read timed out> (0x000000008e1d4f70) thrown at [./open/src/hotspot/share/prims/jni.cpp, line 632]
Event: 4931.717 Thread 0x0000026bbda24800 Exception <a 'java/io/IOException'{0x000000008d5c4c80}> (0x000000008d5c4c80) thrown at [./open/src/hotspot/share/prims/jni.cpp, line 611]
Event: 4932.250 Thread 0x0000026bbec04800 Exception <a 'java/net/SocketTimeoutException'{0x000000008e06dde8}: Read timed out> (0x000000008e06dde8) thrown at [./open/src/hotspot/share/prims/jni.cpp, line 632]

Events (10 events):
Event: 4906.696 Executing VM operation: RevokeBias
Event: 4906.696 Executing VM operation: RevokeBias done
Event: 4917.450 Executing VM operation: RevokeBias
Event: 4917.450 Executing VM operation: RevokeBias done
Event: 4922.667 Executing VM operation: RevokeBias
Event: 4922.667 Executing VM operation: RevokeBias done
Event: 4922.667 Executing VM operation: RevokeBias
Event: 4922.667 Executing VM operation: RevokeBias done
Event: 4925.334 Executing VM operation: RevokeBias
Event: 4925.334 Executing VM operation: RevokeBias done


Dynamic libraries:
0x00007ff75c3e0000 - 0x00007ff75c3ef000 	C:\Program Files\Java\jdk-11.0.15\bin\java.exe
0x00007fff827d0000 - 0x00007fff829c8000 	C:\Windows\SYSTEM32\ntdll.dll
0x00007fff81fb0000 - 0x00007fff8206d000 	C:\Windows\System32\KERNEL32.DLL
0x00007fff80410000 - 0x00007fff806de000 	C:\Windows\System32\KERNELBASE.dll
0x00007fff7ff90000 - 0x00007fff80090000 	C:\Windows\System32\ucrtbase.dll
0x00007fff6c3d0000 - 0x00007fff6c3e5000 	C:\Program Files\Java\jdk-11.0.15\bin\VCRUNTIME140.dll
0x00007fff6c3f0000 - 0x00007fff6c408000 	C:\Program Files\Java\jdk-11.0.15\bin\jli.dll
0x00007fff811d0000 - 0x00007fff8127e000 	C:\Windows\System32\ADVAPI32.dll
0x00007fff82070000 - 0x00007fff8210e000 	C:\Windows\System32\msvcrt.dll
0x00007fff80db0000 - 0x00007fff80e4c000 	C:\Windows\System32\sechost.dll
0x00007fff80920000 - 0x00007fff80a45000 	C:\Windows\System32\RPCRT4.dll
0x00007fff80eb0000 - 0x00007fff81050000 	C:\Windows\System32\USER32.dll
0x00007fff802d0000 - 0x00007fff802f2000 	C:\Windows\System32\win32u.dll
0x00007fff81180000 - 0x00007fff811aa000 	C:\Windows\System32\GDI32.dll
0x00007fff80300000 - 0x00007fff8040b000 	C:\Windows\System32\gdi32full.dll
0x00007fff80790000 - 0x00007fff8082d000 	C:\Windows\System32\msvcp_win.dll
0x00007fff6c130000 - 0x00007fff6c3ca000 	C:\Windows\WinSxS\amd64_microsoft.windows.common-controls_6595b64144ccf1df_6.0.19041.1110_none_60b5254171f9507e\COMCTL32.dll
0x00007fff783c0000 - 0x00007fff783ca000 	C:\Windows\SYSTEM32\VERSION.dll
0x00007fff814a0000 - 0x00007fff814d0000 	C:\Windows\System32\IMM32.DLL
0x00007fff6c090000 - 0x00007fff6c12b000 	C:\Program Files\Java\jdk-11.0.15\bin\msvcp140.dll
0x00007fff6b570000 - 0x00007fff6c086000 	C:\Program Files\Java\jdk-11.0.15\bin\server\jvm.dll
0x00007fff82760000 - 0x00007fff82768000 	C:\Windows\System32\PSAPI.DLL
0x00007fff6b560000 - 0x00007fff6b569000 	C:\Windows\SYSTEM32\WSOCK32.dll
0x00007fff81280000 - 0x00007fff812eb000 	C:\Windows\System32\WS2_32.dll
0x00007fff736d0000 - 0x00007fff736f7000 	C:\Windows\SYSTEM32\WINMM.dll
0x00007fff7ddd0000 - 0x00007fff7dde2000 	C:\Windows\SYSTEM32\kernel.appcore.dll
0x00007fff6cc20000 - 0x00007fff6cc30000 	C:\Program Files\Java\jdk-11.0.15\bin\verify.dll
0x00007fff73750000 - 0x00007fff73934000 	C:\Windows\SYSTEM32\DBGHELP.DLL
0x00007fff735b0000 - 0x00007fff735dc000 	C:\Windows\SYSTEM32\dbgcore.DLL
0x00007fff80240000 - 0x00007fff802c2000 	C:\Windows\System32\bcryptPrimitives.dll
0x00007fff6b4e0000 - 0x00007fff6b508000 	C:\Program Files\Java\jdk-11.0.15\bin\java.dll
0x00007fff6cc10000 - 0x00007fff6cc1a000 	C:\Program Files\Java\jdk-11.0.15\bin\jimage.dll
0x00007fff5b9d0000 - 0x00007fff5b9de000 	C:\Program Files\Java\jdk-11.0.15\bin\instrument.dll
0x00007fff6b4c0000 - 0x00007fff6b4d6000 	C:\Program Files\Java\jdk-11.0.15\bin\zip.dll
0x00007fff815b0000 - 0x00007fff81cf4000 	C:\Windows\System32\SHELL32.dll
0x00007fff7dfd0000 - 0x00007fff7e764000 	C:\Windows\SYSTEM32\windows.storage.dll
0x00007fff80a50000 - 0x00007fff80da4000 	C:\Windows\System32\combase.dll
0x00007fff7f7a0000 - 0x00007fff7f7d0000 	C:\Windows\SYSTEM32\Wldp.dll
0x00007fff82650000 - 0x00007fff826fd000 	C:\Windows\System32\SHCORE.dll
0x00007fff82700000 - 0x00007fff82755000 	C:\Windows\System32\shlwapi.dll
0x00007fff7fe30000 - 0x00007fff7fe4f000 	C:\Windows\SYSTEM32\profapi.dll
0x00007fff6cfc0000 - 0x00007fff6cfd9000 	C:\Program Files\Java\jdk-11.0.15\bin\net.dll
0x00007fff77bf0000 - 0x00007fff77cfa000 	C:\Windows\SYSTEM32\WINHTTP.dll
0x00007fff7f580000 - 0x00007fff7f5ea000 	C:\Windows\system32\mswsock.dll
0x00007fff6cfa0000 - 0x00007fff6cfb2000 	C:\Program Files\Java\jdk-11.0.15\bin\nio.dll
0x00007fff5b130000 - 0x00007fff5b14a000 	C:\Program Files\JetBrains\IntelliJ IDEA Community Edition 2022.2.1\bin\breakgen64.dll
0x00007fff7f290000 - 0x00007fff7f2cb000 	C:\Windows\SYSTEM32\IPHLPAPI.DLL
0x00007fff82780000 - 0x00007fff82788000 	C:\Windows\System32\NSI.dll
0x00007fff78950000 - 0x00007fff78967000 	C:\Windows\SYSTEM32\dhcpcsvc6.DLL
0x00007fff78930000 - 0x00007fff7894d000 	C:\Windows\SYSTEM32\dhcpcsvc.DLL
0x00007fff7f2e0000 - 0x00007fff7f3aa000 	C:\Windows\SYSTEM32\DNSAPI.dll
0x00007fff76ed0000 - 0x00007fff76eda000 	C:\Windows\System32\rasadhlp.dll
0x00007fff77aa0000 - 0x00007fff77b20000 	C:\Windows\System32\fwpuclnt.dll
0x00007fff7fef0000 - 0x00007fff7ff17000 	C:\Windows\System32\bcrypt.dll
0x00007fff6cc00000 - 0x00007fff6cc09000 	C:\Program Files\Java\jdk-11.0.15\bin\management.dll
0x00007fff68cb0000 - 0x00007fff68cbb000 	C:\Program Files\Java\jdk-11.0.15\bin\management_ext.dll
0x00007fff75d30000 - 0x00007fff75d47000 	C:\Windows\system32\napinsp.dll
0x00007fff75d10000 - 0x00007fff75d2b000 	C:\Windows\system32\pnrpnsp.dll
0x00007fff75cf0000 - 0x00007fff75d05000 	C:\Windows\system32\wshbth.dll
0x00007fff7b8a0000 - 0x00007fff7b8bd000 	C:\Windows\system32\NLAapi.dll
0x00007fff75cd0000 - 0x00007fff75ce2000 	C:\Windows\System32\winrnr.dll
0x00007fff7f7e0000 - 0x00007fff7f7f8000 	C:\Windows\SYSTEM32\CRYPTSP.dll
0x00007fff7ef20000 - 0x00007fff7ef54000 	C:\Windows\system32\rsaenh.dll
0x00007fff7fdb0000 - 0x00007fff7fdde000 	C:\Windows\SYSTEM32\USERENV.dll
0x00007fff7f710000 - 0x00007fff7f71c000 	C:\Windows\SYSTEM32\CRYPTBASE.dll
0x00007fff68a60000 - 0x00007fff68a6d000 	C:\Program Files\Java\jdk-11.0.15\bin\sunmscapi.dll
0x00007fff800e0000 - 0x00007fff80236000 	C:\Windows\System32\CRYPT32.dll
0x00007fff7f8f0000 - 0x00007fff7f917000 	C:\Windows\SYSTEM32\ncrypt.dll
0x00007fff7f8b0000 - 0x00007fff7f8eb000 	C:\Windows\SYSTEM32\NTASN1.dll
0x00007fff68a70000 - 0x00007fff68a95000 	C:\Program Files\Java\jdk-11.0.15\bin\sunec.dll

dbghelp: loaded successfully - version: 4.0.5 - missing functions: none
symbol engine: initialized successfully - sym options: 0x614 - pdb path: .;C:\Program Files\Java\jdk-11.0.15\bin;C:\Windows\SYSTEM32;C:\Windows\WinSxS\amd64_microsoft.windows.common-controls_6595b64144ccf1df_6.0.19041.1110_none_60b5254171f9507e;C:\Program Files\Java\jdk-11.0.15\bin\server;C:\Program Files\JetBrains\IntelliJ IDEA Community Edition 2022.2.1\bin

VM Arguments:
jvm_args: -javaagent:C:\Program Files\JetBrains\IntelliJ IDEA Community Edition 2022.2.1\lib\idea_rt.jar=63176:C:\Program Files\JetBrains\IntelliJ IDEA Community Edition 2022.2.1\bin -Dfile.encoding=UTF-8 
java_command: com.training.springeurekaserver.SpringEurekaServerApplication
java_class_path (initial): C:\Users\sfjbs\Downloads\eureka-naming-server-main\eureka-naming-server-main\spring-eureka-server\target\classes;C:\Users\sfjbs\.m2\repository\org\springframework\cloud\spring-cloud-starter-netflix-eureka-server\3.1.3\spring-cloud-starter-netflix-eureka-server-3.1.3.jar;C:\Users\sfjbs\.m2\repository\org\springframework\cloud\spring-cloud-starter\2.1.0.RELEASE\spring-cloud-starter-2.1.0.RELEASE.jar;C:\Users\sfjbs\.m2\repository\org\springframework\cloud\spring-cloud-context\2.1.0.RELEASE\spring-cloud-context-2.1.0.RELEASE.jar;C:\Users\sfjbs\.m2\repository\org\springframework\security\spring-security-crypto\5.1.4.RELEASE\spring-security-crypto-5.1.4.RELEASE.jar;C:\Users\sfjbs\.m2\repository\org\springframework\cloud\spring-cloud-commons\2.1.0.RELEASE\spring-cloud-commons-2.1.0.RELEASE.jar;C:\Users\sfjbs\.m2\repository\org\springframework\security\spring-security-rsa\1.0.7.RELEASE\spring-security-rsa-1.0.7.RELEASE.jar;C:\Users\sfjbs\.m2\repository\org\bouncycastle\bcpkix-jdk15on\1.60\bcpkix-jdk15on-1.60.jar;C:\Users\sfjbs\.m2\repository\org\bouncycastle\bcprov-jdk15on\1.60\bcprov-jdk15on-1.60.jar;C:\Users\sfjbs\.m2\repository\org\springframework\cloud\spring-cloud-netflix-eureka-server\2.1.0.RELEASE\spring-cloud-netflix-eureka-server-2.1.0.RELEASE.jar;C:\Users\sfjbs\.m2\repository\org\springframework\boot\spring-boot-starter-web\2.1.3.RELEASE\spring-boot-starter-web-2.1.3.RELEASE.jar;C:\Users\sfjbs\.m2\repository\org\springframework\boot\spring-boot-starter-json\2.1.3.RELEASE\spring-boot-starter-json-2.1.3.RELEASE.jar;C:\Users\sfjbs\.m2\repository\com\fasterxml\jackson\datatype\jackson-datatype-jdk8\2.9.8\jackson-datatype-jdk8-2.9.8.jar;C:\Users\sfjbs\.m2\repository\com\fasterxml\jackson\datatype\jackson-datatype-jsr310\2.9.8\jackson-datatype-jsr310-2.9.8.jar;C:\Users\sfjbs\.m2\repository\com\fasterxml\jackson\module\jackson-module-parameter-names\2.9.8\jackson-module-parameter-names-2.9.8.jar;C:\Users\sfjbs\.m2\repository\org\springframewo
Launcher Type: SUN_STANDARD

[Global flags]
     intx CICompilerCount                          = 2                                         {product} {ergonomic}
     uint ConcGCThreads                            = 1                                         {product} {ergonomic}
     uint G1ConcRefinementThreads                  = 2                                         {product} {ergonomic}
   size_t G1HeapRegionSize                         = 1048576                                   {product} {ergonomic}
    uintx GCDrainStackTargetSize                   = 64                                        {product} {ergonomic}
   size_t InitialHeapSize                          = 134217728                                 {product} {ergonomic}
   size_t MarkStackSize                            = 4194304                                   {product} {ergonomic}
   size_t MaxHeapSize                              = 2147483648                                {product} {ergonomic}
   size_t MaxNewSize                               = 1287651328                                {product} {ergonomic}
   size_t MinHeapDeltaBytes                        = 1048576                                   {product} {ergonomic}
    uintx NonNMethodCodeHeapSize                   = 5825164                                {pd product} {ergonomic}
    uintx NonProfiledCodeHeapSize                  = 122916538                              {pd product} {ergonomic}
    uintx ProfiledCodeHeapSize                     = 122916538                              {pd product} {ergonomic}
    uintx ReservedCodeCacheSize                    = 251658240                              {pd product} {ergonomic}
     bool SegmentedCodeCache                       = true                                      {product} {ergonomic}
     bool UseCompressedClassPointers               = true                                 {lp64_product} {ergonomic}
     bool UseCompressedOops                        = true                                 {lp64_product} {ergonomic}
     bool UseG1GC                                  = true                                      {product} {ergonomic}
     bool UseLargePagesIndividualAllocation        = false                                  {pd product} {ergonomic}

Logging:
Log output configuration:
 #0: stdout all=warning uptime,level,tags
 #1: stderr all=off uptime,level,tags

Environment Variables:
PATH=C:\Program Files\Common Files\Oracle\Java\javapath;C:\Windows\system32;C:\Windows;C:\Windows\System32\Wbem;C:\Windows\System32\WindowsPowerShell\v1.0\;C:\Windows\System32\OpenSSH\;C:\Program Files\PuTTY\;C:\Program Files\Git\cmd;C:\Program Files\Docker\Docker\resources\bin;C:\ProgramData\DockerDesktop\version-bin;C:\Users\sfjbs\Downloads\apache-maven-3.8.6-bin\apache-maven-3.8.6\bin;C:\Users\sfjbs\Downloads\apache-maven-3.8.6-bin\apache-maven-3.8.6\lib;C:\Users\sfjbs\AppData\Local\Microsoft\WindowsApps;C:\Program Files\JetBrains\IntelliJ IDEA Community Edition 2022.2.1\bin;;C:\Users\sfjbs\Downloads\apache-maven-3.8.6-bin\apache-maven-3.8.6\bin;C:\Users\sfjbs\Downloads\apache-maven-3.8.6-bin\apache-maven-3.8.6\lib;
USERNAME=sfjbs
OS=Windows_NT
PROCESSOR_IDENTIFIER=Intel64 Family 6 Model 85 Stepping 7, GenuineIntel



---------------  S Y S T E M  ---------------

OS: Windows 10 , 64 bit Build 19041 (10.0.19041.1889)
Hyper-V role detected

CPU:total 2 (initial active 2) (1 cores per cpu, 2 threads per core) family 6 model 85 stepping 7 microcode 0xffffffff, cmov, cx8, fxsr, mmx, sse, sse2, sse3, ssse3, sse4.1, sse4.2, popcnt, avx, avx2, aes, clmul, erms, rtm, 3dnowpref, lzcnt, ht, tsc, bmi1, bmi2, adx, evex, fma

Memory: 4k page, system-wide physical 8190M (644M free)
TotalPageFile size 10238M (AvailPageFile size 5M)
current process WorkingSet (physical memory assigned to process): 252M, peak: 377M
current process commit charge ("private bytes"): 451M, peak: 464M

vm_info: Java HotSpot(TM) 64-Bit Server VM (11.0.15+8-LTS-149) for windows-amd64 JRE (11.0.15+8-LTS-149), built on Mar  9 2022 22:42:32 by "mach5one" with MS VC++ 15.9 (VS2017)

END.
